0 info it worked if it ends with ok
1 verbose cli [ 'C:\\Program Files\\nodejs\\node.exe',
1 verbose cli   'C:\\Program Files\\nodejs\\node_modules\\npm\\bin\\npm-cli.js',
1 verbose cli   'run',
1 verbose cli   'local-test' ]
2 info using npm@3.10.10
3 info using node@v6.10.2
4 verbose run-script [ 'prelocal-test', 'local-test', 'postlocal-test' ]
5 info lifecycle textanalytics@1.0.0~prelocal-test: textanalytics@1.0.0
6 silly lifecycle textanalytics@1.0.0~prelocal-test: no script for prelocal-test, continuing
7 info lifecycle textanalytics@1.0.0~local-test: textanalytics@1.0.0
8 verbose lifecycle textanalytics@1.0.0~local-test: unsafe-perm in lifecycle true
9 verbose lifecycle textanalytics@1.0.0~local-test: PATH: C:\Program Files\nodejs\node_modules\npm\bin\node-gyp-bin;D:\Source\textanalytics\node_modules\.bin;C:\Program Files (x86)\Microsoft Visual Studio\2017\Enterprise\VC\Tools\MSVC\14.10.25017\bin\HostX86\x86;C:\Program Files (x86)\Microsoft Visual Studio\2017\Enterprise\Common7\IDE\VC\VCPackages;C:\Program Files (x86)\Microsoft SDKs\TypeScript\2.1;C:\Program Files (x86)\Microsoft Visual Studio\2017\Enterprise\Common7\IDE\CommonExtensions\Microsoft\TestWindow;C:\Program Files (x86)\Microsoft Visual Studio\2017\Enterprise\Common7\IDE\CommonExtensions\Microsoft\TeamFoundation\Team Explorer;C:\Program Files (x86)\Microsoft Visual Studio\2017\Enterprise\MSBuild\15.0\bin\Roslyn;C:\Program Files (x86)\Microsoft Visual Studio\2017\Enterprise\Team Tools\Performance Tools;C:\Program Files (x86)\Microsoft Visual Studio\Shared\Common\VSPerfCollectionTools\;C:\Program Files (x86)\Microsoft SDKs\Windows\v10.0A\bin\NETFX 4.6.1 Tools\;C:\Program Files (x86)\Microsoft SDKs\F#\4.1\Framework\v4.0\;C:\Program Files (x86)\Windows Kits\10\bin\x86;C:\Program Files (x86)\Windows Kits\10\bin\10.0.14393.0\x86;C:\Program Files (x86)\Microsoft Visual Studio\2017\Enterprise\\MSBuild\15.0\bin;C:\Windows\Microsoft.NET\Framework\v4.0.30319;C:\Program Files (x86)\Microsoft Visual Studio\2017\Enterprise\Common7\IDE\;C:\Program Files (x86)\Microsoft Visual Studio\2017\Enterprise\Common7\Tools\;C:\Program Files (x86)\RSA SecurID Token Common;C:\Windows\system32;C:\Windows;C:\Windows\System32\Wbem;C:\Windows\System32\WindowsPowerShell\v1.0\;C:\Program Files (x86)\NVIDIA Corporation\PhysX\Common;C:\Program Files\Microsoft SQL Server\130\Tools\Binn\;C:\Program Files\Git\cmd;C:\Program Files (x86)\GtkSharp\2.12\bin;C:\Program Files\TortoiseSVN\bin;C:\Program Files\PuTTY\;C:\Program Files (x86)\Skype\Phone\;C:\Program Files\nodejs\;C:\Program Files\dotnet\;C:\WINDOWS\system32;C:\WINDOWS;C:\WINDOWS\System32\Wbem;C:\WINDOWS\System32\WindowsPowerShell\v1.0\;C:\Ruby23-x64\bin;C:\Users\laden\AppData\Local\Microsoft\WindowsApps;.bin;C:\Users\laden\AppData\Roaming\npm;C:\Program Files (x86)\Nmap;C:\Users\laden\AppData\Local\Microsoft\WindowsApps
10 verbose lifecycle textanalytics@1.0.0~local-test: CWD: D:\Source\textanalytics
11 silly lifecycle textanalytics@1.0.0~local-test: Args: [ '/d /s /c',
11 silly lifecycle   'istanbul cover node_modules/mocha/bin/_mocha -- -R spec' ]
12 silly lifecycle textanalytics@1.0.0~local-test: Returned: code: 4  signal: null
13 info lifecycle textanalytics@1.0.0~local-test: Failed to exec local-test script
14 verbose stack Error: textanalytics@1.0.0 local-test: `istanbul cover node_modules/mocha/bin/_mocha -- -R spec`
14 verbose stack Exit status 4
14 verbose stack     at EventEmitter.<anonymous> (C:\Program Files\nodejs\node_modules\npm\lib\utils\lifecycle.js:255:16)
14 verbose stack     at emitTwo (events.js:106:13)
14 verbose stack     at EventEmitter.emit (events.js:191:7)
14 verbose stack     at ChildProcess.<anonymous> (C:\Program Files\nodejs\node_modules\npm\lib\utils\spawn.js:40:14)
14 verbose stack     at emitTwo (events.js:106:13)
14 verbose stack     at ChildProcess.emit (events.js:191:7)
14 verbose stack     at maybeClose (internal/child_process.js:886:16)
14 verbose stack     at Process.ChildProcess._handle.onexit (internal/child_process.js:226:5)
15 verbose pkgid textanalytics@1.0.0
16 verbose cwd D:\Source\textanalytics
17 error Windows_NT 10.0.15063
18 error argv "C:\\Program Files\\nodejs\\node.exe" "C:\\Program Files\\nodejs\\node_modules\\npm\\bin\\npm-cli.js" "run" "local-test"
19 error node v6.10.2
20 error npm  v3.10.10
21 error code ELIFECYCLE
22 error textanalytics@1.0.0 local-test: `istanbul cover node_modules/mocha/bin/_mocha -- -R spec`
22 error Exit status 4
23 error Failed at the textanalytics@1.0.0 local-test script 'istanbul cover node_modules/mocha/bin/_mocha -- -R spec'.
23 error Make sure you have the latest version of node.js and npm installed.
23 error If you do, this is most likely a problem with the textanalytics package,
23 error not with npm itself.
23 error Tell the author that this fails on your system:
23 error     istanbul cover node_modules/mocha/bin/_mocha -- -R spec
23 error You can get information on how to open an issue for this project with:
23 error     npm bugs textanalytics
23 error Or if that isn't available, you can get their info via:
23 error     npm owner ls textanalytics
23 error There is likely additional logging output above.
24 verbose exit [ 1, true ]
